This is pdfTeX, Version 3.141592653-2.6-1.40.25 (MiKTeX 23.12) (preloaded format=pdflatex 2024.1.5)  1 FEB 2024 22:06
entering extended mode
 restricted \write18 enabled.
 file:line:error style messages enabled.
 %&-line parsing enabled.
**"c:/Users/52647/OneDrive - Universidad Tecnológica de Tijuana/Documents/PWA/PWA/Proyecto Final/Primer Avance/Mockup/Mockup.tex"
(c:/Users/52647/OneDrive - Universidad Tecnológica de Tijuana/Documents/PWA/PWA/Proyecto Final/Primer Avance/Mockup/Mockup.tex
LaTeX2e <2023-11-01>
L3 programming layer <2023-12-11>
(C:\Users\52647\AppData\Local\Programs\MiKTeX\tex/latex/base\article.cls
Document Class: article 2023/05/17 v1.4n Standard LaTeX document class
(C:\Users\52647\AppData\Local\Programs\MiKTeX\tex/latex/base\size12.clo
File: size12.clo 2023/05/17 v1.4n Standard LaTeX file (size option)
)
\c@part=\count187
\c@section=\count188
\c@subsection=\count189
\c@subsubsection=\count190
\c@paragraph=\count191
\c@subparagraph=\count192
\c@figure=\count193
\c@table=\count194
\abovecaptionskip=\skip48
\belowcaptionskip=\skip49
\bibindent=\dimen140
) (C:\Users\52647\AppData\Local\Programs\MiKTeX\tex/latex/graphics\graphicx.sty
Package: graphicx 2021/09/16 v1.2d Enhanced LaTeX Graphics (DPC,SPQR)
 (C:\Users\52647\AppData\Local\Programs\MiKTeX\tex/latex/graphics\keyval.sty
Package: keyval 2022/05/29 v1.15 key=value parser (DPC)
\KV@toks@=\toks17
) (C:\Users\52647\AppData\Local\Programs\MiKTeX\tex/latex/graphics\graphics.sty
Package: graphics 2022/03/10 v1.4e Standard LaTeX Graphics (DPC,SPQR)
 (C:\Users\52647\AppData\Local\Programs\MiKTeX\tex/latex/graphics\trig.sty
Package: trig 2021/08/11 v1.11 sin cos tan (DPC)
) (C:\Users\52647\AppData\Local\Programs\MiKTeX\tex/latex/graphics-cfg\graphics.cfg
File: graphics.cfg 2016/06/04 v1.11 sample graphics configuration
)
Package graphics Info: Driver file: pdftex.def on input line 107.
 (C:\Users\52647\AppData\Local\Programs\MiKTeX\tex/latex/graphics-def\pdftex.def
File: pdftex.def 2022/09/22 v1.2b Graphics/color driver for pdftex
))
\Gin@req@height=\dimen141
\Gin@req@width=\dimen142
) (C:\Users\52647\AppData\Local\Programs\MiKTeX\tex/latex/amsmath\amsmath.sty
Package: amsmath 2023/05/13 v2.17o AMS math features
\@mathmargin=\skip50

For additional information on amsmath, use the `?' option.
(C:\Users\52647\AppData\Local\Programs\MiKTeX\tex/latex/amsmath\amstext.sty
Package: amstext 2021/08/26 v2.01 AMS text
 (C:\Users\52647\AppData\Local\Programs\MiKTeX\tex/latex/amsmath\amsgen.sty
File: amsgen.sty 1999/11/30 v2.0 generic functions
\@emptytoks=\toks18
\ex@=\dimen143
)) (C:\Users\52647\AppData\Local\Programs\MiKTeX\tex/latex/amsmath\amsbsy.sty
Package: amsbsy 1999/11/29 v1.2d Bold Symbols
\pmbraise@=\dimen144
) (C:\Users\52647\AppData\Local\Programs\MiKTeX\tex/latex/amsmath\amsopn.sty
Package: amsopn 2022/04/08 v2.04 operator names
)
\inf@bad=\count195
LaTeX Info: Redefining \frac on input line 234.
\uproot@=\count196
\leftroot@=\count197
LaTeX Info: Redefining \overline on input line 399.
LaTeX Info: Redefining \colon on input line 410.
\classnum@=\count198
\DOTSCASE@=\count199
LaTeX Info: Redefining \ldots on input line 496.
LaTeX Info: Redefining \dots on input line 499.
LaTeX Info: Redefining \cdots on input line 620.
\Mathstrutbox@=\box51
\strutbox@=\box52
LaTeX Info: Redefining \big on input line 722.
LaTeX Info: Redefining \Big on input line 723.
LaTeX Info: Redefining \bigg on input line 724.
LaTeX Info: Redefining \Bigg on input line 725.
\big@size=\dimen145
LaTeX Font Info:    Redeclaring font encoding OML on input line 743.
LaTeX Font Info:    Redeclaring font encoding OMS on input line 744.
\macc@depth=\count266
LaTeX Info: Redefining \bmod on input line 905.
LaTeX Info: Redefining \pmod on input line 910.
LaTeX Info: Redefining \smash on input line 940.
LaTeX Info: Redefining \relbar on input line 970.
LaTeX Info: Redefining \Relbar on input line 971.
\c@MaxMatrixCols=\count267
\dotsspace@=\muskip16
\c@parentequation=\count268
\dspbrk@lvl=\count269
\tag@help=\toks19
\row@=\count270
\column@=\count271
\maxfields@=\count272
\andhelp@=\toks20
\eqnshift@=\dimen146
\alignsep@=\dimen147
\tagshift@=\dimen148
\tagwidth@=\dimen149
\totwidth@=\dimen150
\lineht@=\dimen151
\@envbody=\toks21
\multlinegap=\skip51
\multlinetaggap=\skip52
\mathdisplay@stack=\toks22
LaTeX Info: Redefining \[ on input line 2953.
LaTeX Info: Redefining \] on input line 2954.
) (C:\Users\52647\AppData\Local\Programs\MiKTeX\tex/latex/amsfonts\amsfonts.sty
Package: amsfonts 2013/01/14 v3.01 Basic AMSFonts support
\symAMSa=\mathgroup4
\symAMSb=\mathgroup5
LaTeX Font Info:    Redeclaring math symbol \hbar on input line 98.
LaTeX Font Info:    Overwriting math alphabet `\mathfrak' in version `bold'
(Font)                  U/euf/m/n --> U/euf/b/n on input line 106.
) (C:\Users\52647\AppData\Local\Programs\MiKTeX\tex/latex/amsfonts\amssymb.sty
Package: amssymb 2013/01/14 v3.01 AMS font symbols
) (C:\Users\52647\AppData\Local\Programs\MiKTeX\tex/latex/l3backend\l3backend-pdftex.def
File: l3backend-pdftex.def 2023-11-09 L3 backend support: PDF output (pdfTeX)
\l__color_backend_stack_int=\count273
\l__pdf_internal_box=\box53
) (Mockup.aux)
\openout1 = `Mockup.aux'.

LaTeX Font Info:    Checking defaults for OML/cmm/m/it on input line 7.
LaTeX Font Info:    ... okay on input line 7.
LaTeX Font Info:    Checking defaults for OMS/cmsy/m/n on input line 7.
LaTeX Font Info:    ... okay on input line 7.
LaTeX Font Info:    Checking defaults for OT1/cmr/m/n on input line 7.
LaTeX Font Info:    ... okay on input line 7.
LaTeX Font Info:    Checking defaults for T1/cmr/m/n on input line 7.
LaTeX Font Info:    ... okay on input line 7.
LaTeX Font Info:    Checking defaults for TS1/cmr/m/n on input line 7.
LaTeX Font Info:    ... okay on input line 7.
LaTeX Font Info:    Checking defaults for OMX/cmex/m/n on input line 7.
LaTeX Font Info:    ... okay on input line 7.
LaTeX Font Info:    Checking defaults for U/cmr/m/n on input line 7.
LaTeX Font Info:    ... okay on input line 7.
 (C:\Users\52647\AppData\Local\Programs\MiKTeX\tex/context/base/mkii\supp-pdf.mkii
[Loading MPS to PDF converter (version 2006.09.02).]
\scratchcounter=\count274
\scratchdimen=\dimen152
\scratchbox=\box54
\nofMPsegments=\count275
\nofMParguments=\count276
\everyMPshowfont=\toks23
\MPscratchCnt=\count277
\MPscratchDim=\dimen153
\MPnumerator=\count278
\makeMPintoPDFobject=\count279
\everyMPtoPDFconversion=\toks24
) (C:\Users\52647\AppData\Local\Programs\MiKTeX\tex/latex/epstopdf-pkg\epstopdf-base.sty
Package: epstopdf-base 2020-01-24 v2.11 Base part for package epstopdf
Package epstopdf-base Info: Redefining graphics rule for `.eps' on input line 485.
 (C:\Users\52647\AppData\Local\Programs\MiKTeX\tex/latex/00miktex\epstopdf-sys.cfg
File: epstopdf-sys.cfg 2021/03/18 v2.0 Configuration of epstopdf for MiKTeX
))
LaTeX Font Info:    Trying to load font information for U+msa on input line 17.
 (C:\Users\52647\AppData\Local\Programs\MiKTeX\tex/latex/amsfonts\umsa.fd
File: umsa.fd 2013/01/14 v3.01 AMS symbols A
)
LaTeX Font Info:    Trying to load font information for U+msb on input line 17.
 (C:\Users\52647\AppData\Local\Programs\MiKTeX\tex/latex/amsfonts\umsb.fd
File: umsb.fd 2013/01/14 v3.01 AMS symbols B
)
<images/Home_page-0001.jpg, id=1, 361.35pt x 803.1606pt>
File: images/Home_page-0001.jpg Graphic file (type jpg)
<use images/Home_page-0001.jpg>
Package pdftex.def Info: images/Home_page-0001.jpg  used on input line 23.
(pdftex.def)             Requested size: 390.00407pt x 548.51949pt.

Overfull \hbox (6.80406pt too wide) in paragraph at lines 23--24
 [] 
 []


LaTeX Warning: Float too large for page by 34.91881pt on input line 24.

<images/Home_page-0002.jpg, id=2, 361.35pt x 803.1606pt>
File: images/Home_page-0002.jpg Graphic file (type jpg)
<use images/Home_page-0002.jpg>
Package pdftex.def Info: images/Home_page-0002.jpg  used on input line 28.
(pdftex.def)             Requested size: 390.00407pt x 548.51949pt.

Overfull \hbox (6.80406pt too wide) in paragraph at lines 28--29
 [][] 
 []


LaTeX Warning: Float too large for page by 6.81947pt on input line 29.

<images/Home_page-0003.jpg, id=3, 361.35pt x 803.1606pt>
File: images/Home_page-0003.jpg Graphic file (type jpg)
<use images/Home_page-0003.jpg>
Package pdftex.def Info: images/Home_page-0003.jpg  used on input line 33.
(pdftex.def)             Requested size: 390.00407pt x 548.51949pt.

Overfull \hbox (6.80406pt too wide) in paragraph at lines 33--34
 [][] 
 []


LaTeX Warning: Float too large for page by 6.81947pt on input line 34.

<images/Home_page-0004.jpg, id=4, 361.35pt x 803.1606pt>
File: images/Home_page-0004.jpg Graphic file (type jpg)
<use images/Home_page-0004.jpg>
Package pdftex.def Info: images/Home_page-0004.jpg  used on input line 38.
(pdftex.def)             Requested size: 390.00407pt x 548.51949pt.

Overfull \hbox (6.80406pt too wide) in paragraph at lines 38--39
 [][] 
 []


LaTeX Warning: Float too large for page by 6.81947pt on input line 39.

<images/Home_page-0005.jpg, id=5, 361.35pt x 925.5378pt>
File: images/Home_page-0005.jpg Graphic file (type jpg)
<use images/Home_page-0005.jpg>
Package pdftex.def Info: images/Home_page-0005.jpg  used on input line 43.
(pdftex.def)             Requested size: 390.00407pt x 548.5199pt.

Overfull \hbox (6.80406pt too wide) in paragraph at lines 43--44
 [][] 
 []


LaTeX Warning: Float too large for page by 6.81989pt on input line 44.

<images/Home_page-0006.jpg, id=6, 361.35pt x 803.1606pt>
File: images/Home_page-0006.jpg Graphic file (type jpg)
<use images/Home_page-0006.jpg>
Package pdftex.def Info: images/Home_page-0006.jpg  used on input line 48.
(pdftex.def)             Requested size: 390.00407pt x 548.51949pt.

Overfull \hbox (6.80406pt too wide) in paragraph at lines 48--49
 [][] 
 []


LaTeX Warning: Float too large for page by 6.81947pt on input line 49.

<images/Login/Login 1.png, id=7, 361.35pt x 803.28105pt>
File: images/Login/Login 1.png Graphic file (type png)
<use images/Login/Login 1.png>
Package pdftex.def Info: images/Login/Login 1.png  used on input line 54.
(pdftex.def)             Requested size: 390.00407pt x 548.51596pt.

Overfull \hbox (6.80406pt too wide) in paragraph at lines 54--55
 [] 
 []


LaTeX Warning: Float too large for page by 35.05927pt on input line 55.

<images/Login/Login 2.png, id=8, 361.35pt x 803.28105pt>
File: images/Login/Login 2.png Graphic file (type png)
<use images/Login/Login 2.png>
Package pdftex.def Info: images/Login/Login 2.png  used on input line 59.
(pdftex.def)             Requested size: 390.00407pt x 548.51596pt.

Overfull \hbox (6.80406pt too wide) in paragraph at lines 59--60
 [][] 
 []


LaTeX Warning: Float too large for page by 6.81595pt on input line 60.

<images/Login/Login 3.png, id=9, 361.35pt x 803.28105pt>
File: images/Login/Login 3.png Graphic file (type png)
<use images/Login/Login 3.png>
Package pdftex.def Info: images/Login/Login 3.png  used on input line 64.
(pdftex.def)             Requested size: 390.00407pt x 548.51596pt.

Overfull \hbox (6.80406pt too wide) in paragraph at lines 64--65
 [][] 
 []


LaTeX Warning: Float too large for page by 6.81595pt on input line 65.

[1

{C:/Users/52647/AppData/Local/MiKTeX/fonts/map/pdftex/pdftex.map}] [2 <./images/Home_page-0001.jpg>] [3 <./images/Home_page-0002.jpg>] [4 <./images/Home_page-0003.jpg>] [5 <./images/Home_page-0004.jpg>] [6 <./images/Home_page-0005.jpg>] [7 <./images/Home_page-0006.jpg>] [8 <./images/Login/Login 1.png>] [9 <./images/Login/Login 2.png>] [10 <./images/Login/Login 3.png>] (Mockup.aux)
 ***********
LaTeX2e <2023-11-01>
L3 programming layer <2023-12-11>
 ***********
 ) 
Here is how much of TeX's memory you used:
 2575 strings out of 474494
 39430 string characters out of 5743915
 1928460 words of memory out of 5000000
 24861 multiletter control sequences out of 15000+600000
 561871 words of font info for 51 fonts, out of 8000000 for 9000
 1141 hyphenation exceptions out of 8191
 57i,7n,65p,341b,271s stack positions out of 10000i,1000n,20000p,200000b,200000s
<C:/Users/52647/AppData/Local/Programs/MiKTeX/fonts/type1/public/amsfonts/cm/cmbx12.pfb><C:/Users/52647/AppData/Local/Programs/MiKTeX/fonts/type1/public/amsfonts/cm/cmr12.pfb><C:/Users/52647/AppData/Local/Programs/MiKTeX/fonts/type1/public/amsfonts/cm/cmr17.pfb>
Output written on Mockup.pdf (10 pages, 1186227 bytes).
PDF statistics:
 62 PDF objects out of 1000 (max. 8388607)
 0 named destinations out of 1000 (max. 500000)
 46 words of extra memory for PDF output out of 10000 (max. 10000000)

